[2018-04-08 14:26:19] 91request.INFO: 91request [{"sign":"a46ae5de453bfaadc8548a3e48c151db","orderNo":"ORD180408142243046900"},"http://www.test.com/api/receive/order",null] []
[2018-04-08 14:49:29] 91request.INFO: 91request [{"sign":"a46ae5de453bfaadc8548a3e48c151db","orderNo":"ORD180408142243046900","apiDeposit":"0","apiService":"0"},"http://www.test.com/api/agree/consult",null] []
[2018-04-08 17:02:22] 91request.INFO: 91request [{"sign":"a46ae5de453bfaadc8548a3e48c151db","orderNo":"ORD180408165924089943"},"http://www.test.com/api/partner/order/receive",null] []
[2018-04-08 17:03:50] 91request.INFO: 91request [{"sign":"a46ae5de453bfaadc8548a3e48c151db","order_no":"ORD180408165924089943"},"http://www.test.com/api/partner/order/receive",null] []
[2018-04-08 17:05:14] 91request.INFO: 91request [{"sign":"a46ae5de453bfaadc8548a3e48c151db","order_no":"ORD180408165924089943"},"http://www.test.com/api/partner/order/apply-complete",null] []
[2018-04-08 17:05:42] 91request.INFO: 91request [{"sign":"a46ae5de453bfaadc8548a3e48c151db","order_no":"ORD180408165924089943"},"http://www.test.com/api/partner/order/cancel-complete",null] []
[2018-04-08 17:07:32] 91request.INFO: 91request [{"sign":"a46ae5de453bfaadc8548a3e48c151db","order_no":"ORD180408165924089943","api_amount":"0","api_deposit":"0","api_service":"0","content":"我们不想要"},"http://www.test.com/api/partner/order/revoke",null] []
[2018-04-08 17:08:02] 91request.INFO: 91request [{"sign":"a46ae5de453bfaadc8548a3e48c151db","order_no":"ORD180408165924089943","api_amount":"0","api_deposit":"0","api_service":"0","content":"我们不想要"},"http://www.test.com/api/partner/order/revoke",null] []
[2018-04-08 17:12:27] 91request.INFO: 91request [{"sign":"a46ae5de453bfaadc8548a3e48c151db","order_no":"ORD180408165924089943","api_amount":"0","api_deposit":"0","api_service":"0","content":"我们不想要"},"http://www.test.com/api/partner/order/revoke",null] []
[2018-04-08 17:12:43] 91request.INFO: 91request [{"sign":"a46ae5de453bfaadc8548a3e48c151db","order_no":"ORD180408165924089943","api_amount":"0","api_deposit":"0","api_service":"0","content":"我们不想要"},"http://www.test.com/api/partner/order/revoke",null] []
[2018-04-08 17:12:54] 91request.INFO: 91request [{"sign":"a46ae5de453bfaadc8548a3e48c151db","order_no":"ORD180408165924089943","api_amount":"0","api_deposit":"0","api_service":"0","content":"我们不想要"},"http://www.test.com/api/partner/order/revoke",null] []
[2018-04-08 17:13:21] 91request.INFO: 91request [{"sign":"a46ae5de453bfaadc8548a3e48c151db","order_no":"ORD180408165924089943","api_amount":"0","api_deposit":"0","api_service":"0","content":"我们不想要"},"http://www.test.com/api/partner/order/revoke",null] []
[2018-04-08 17:17:31] 91request.INFO: 91request [{"sign":"a46ae5de453bfaadc8548a3e48c151db","order_no":"ORD180408165924089943","api_amount":"0","api_deposit":"0","api_service":"0","content":"我们不想要"},"http://www.test.com/api/partner/order/cancel-revoke",null] []
[2018-04-08 17:18:26] 91request.INFO: 91request [{"sign":"a46ae5de453bfaadc8548a3e48c151db","order_no":"ORD180408165924089943","api_amount":"0","api_deposit":"0","api_service":"0","content":"我们不想要"},"http://www.test.com/api/partner/order/revoke",null] []
[2018-04-08 17:25:35] 91request.INFO: 91request [{"sign":"a46ae5de453bfaadc8548a3e48c151db","order_no":"ORD180408165924089943","api_amount":"0","api_deposit":"0","api_service":"0","content":"我们不想要"},"http://www.test.com/api/partner/order/revoke",null] []
[2018-04-08 17:25:54] 91request.INFO: 91request [{"sign":"a46ae5de453bfaadc8548a3e48c151db","order_no":"ORD180408165924089943","api_amount":"0","api_deposit":"0","api_service":"0","content":"我们不想要"},"http://www.test.com/api/partner/order/revoke",null] []
[2018-04-08 17:27:31] 91request.INFO: 91request [{"sign":"a46ae5de453bfaadc8548a3e48c151db","order_no":"ORD180408165924089943","api_amount":"0","api_deposit":"0","api_service":"0","content":"我们不想要"},"http://www.test.com/api/partner/order/revoke",null] []
[2018-04-08 17:28:12] 91request.INFO: 91request [{"sign":"a46ae5de453bfaadc8548a3e48c151db","order_no":"ORD180408165924089943","api_amount":"0","api_deposit":"0","api_service":"0","content":"我们不想要"},"http://www.test.com/api/partner/order/cancel-revoke",null] []
[2018-04-08 17:30:52] 91request.INFO: 91request [{"sign":"a46ae5de453bfaadc8548a3e48c151db","order_no":"ORD180408165924089943","api_amount":"0","api_deposit":"0","api_service":"0","content":"我们不想要"},"http://www.test.com/api/partner/order/revoke",null] []
[2018-04-08 17:34:05] 91request.INFO: 91request [{"sign":"a46ae5de453bfaadc8548a3e48c151db","order_no":"ORD180408165924089943","api_amount":"0","api_deposit":"0","api_service":"0","content":"我们不想要"},"http://www.test.com/api/partner/order/refuse-revoke",null] []
[2018-04-08 17:35:25] 91request.INFO: 91request [{"sign":"a46ae5de453bfaadc8548a3e48c151db","order_no":"ORD180408165924089943","api_amount":"0","api_deposit":"0","api_service":"0","content":"我们不想要"},"http://www.test.com/api/partner/order/agree-revoke",null] []
[2018-04-08 17:38:32] 91request.INFO: 91request [{"sign":"a46ae5de453bfaadc8548a3e48c151db","order_no":"ORD180408165924089943","api_amount":"0","api_deposit":"0","api_service":"0","content":"我们不想要"},"http://www.test.com/api/partner/order/receive",null] []
[2018-04-08 17:38:49] 91request.INFO: 91request [{"sign":"a46ae5de453bfaadc8548a3e48c151db","order_no":"ORD180408173628622977","api_amount":"0","api_deposit":"0","api_service":"0","content":"我们不想要"},"http://www.test.com/api/partner/order/receive",null] []
[2018-04-08 17:39:02] 91request.INFO: 91request [{"sign":"a46ae5de453bfaadc8548a3e48c151db","order_no":"ORD180408173628622977","api_amount":"0","api_deposit":"0","api_service":"0","content":"我们不想要"},"http://www.test.com/api/partner/order/revoke",null] []
[2018-04-08 17:39:31] 91request.INFO: 91request [{"sign":"a46ae5de453bfaadc8548a3e48c151db","order_no":"ORD180408173628622977","api_amount":"0","api_deposit":"0","api_service":"0","content":"我们不想要"},"http://www.test.com/api/partner/order/force-revoke",null] []
[2018-04-08 17:44:47] 91request.INFO: 91request [{"sign":"a46ae5de453bfaadc8548a3e48c151db","order_no":"ORD180408174408351964","api_amount":"0","api_deposit":"0","api_service":"0","content":"我们不想要"},"http://www.test.com/api/partner/order/receive",null] []
[2018-04-08 17:45:12] 91request.INFO: 91request [{"sign":"a46ae5de453bfaadc8548a3e48c151db","order_no":"ORD180408174408351964","api_amount":"0","api_deposit":"0","api_service":"0","content":"我们不想要"},"http://www.test.com/api/partner/order/apply-arbitration",null] []
[2018-04-08 17:45:46] 91request.INFO: 91request [{"sign":"a46ae5de453bfaadc8548a3e48c151db","order_no":"ORD180408174408351964","api_amount":"0","api_deposit":"0","api_service":"0","content":"我们不想要"},"http://www.test.com/api/partner/order/cancel-arbitration",null] []
[2018-04-08 17:47:43] 91request.INFO: 91request [{"sign":"a46ae5de453bfaadc8548a3e48c151db","order_no":"ORD180408174408351964","api_amount":"0","api_deposit":"0","api_service":"0","content":"我们不想要"},"http://www.test.com/api/partner/order/apply-arbitration",null] []
[2018-04-08 17:48:06] 91request.INFO: 91request [{"sign":"a46ae5de453bfaadc8548a3e48c151db","order_no":"ORD180408174408351964","api_amount":"0","api_deposit":"0","api_service":"0","content":"我们不想要"},"http://www.test.com/api/partner/order/force-arbitration",null] []
[2018-04-08 17:48:55] 91request.INFO: 91request [{"sign":"a46ae5de453bfaadc8548a3e48c151db","order_no":"ORD180408174408351964","api_amount":"0","api_deposit":"0","api_service":"0","content":"我们不想要"},"http://www.test.com/api/partner/order/force-arbitration",null] []
[2018-04-08 17:50:12] 91request.INFO: 91request [{"sign":"a46ae5de453bfaadc8548a3e48c151db","order_no":"ORD180408174408351964","api_amount":"0","api_deposit":"0","api_service":"0","content":"我们不想要"},"http://www.test.com/api/partner/order/abnormal",null] []
[2018-04-08 17:50:31] 91request.INFO: 91request [{"sign":"a46ae5de453bfaadc8548a3e48c151db","order_no":"ORD180408174408351964","api_amount":"0","api_deposit":"0","api_service":"0","content":"我们不想要"},"http://www.test.com/api/partner/order/receive",null] []
[2018-04-08 17:50:42] 91request.INFO: 91request [{"sign":"a46ae5de453bfaadc8548a3e48c151db","order_no":"ORD180408174408351964","api_amount":"0","api_deposit":"0","api_service":"0","content":"我们不想要"},"http://www.test.com/api/partner/order/abnormal",null] []
[2018-04-08 17:53:33] 91request.INFO: 91request [{"sign":"a46ae5de453bfaadc8548a3e48c151db","order_no":"ORD180408174408351964","api_amount":"0","api_deposit":"0","api_service":"0","content":"我们不想要"},"http://www.test.com/api/partner/order/abnormal",null] []
[2018-04-08 17:55:58] 91request.INFO: 91request [{"sign":"a46ae5de453bfaadc8548a3e48c151db","order_no":"ORD180408174408351964","api_amount":"0","api_deposit":"0","api_service":"0","content":"我们不想要"},"http://www.test.com/api/partner/order/abnormal",null] []
[2018-04-08 17:56:21] 91request.INFO: 91request [{"sign":"a46ae5de453bfaadc8548a3e48c151db","order_no":"ORD180408174408351964","api_amount":"0","api_deposit":"0","api_service":"0","content":"我们不想要"},"http://www.test.com/api/partner/order/cancel-abnormal",null] []
[2018-04-08 17:57:00] 91request.INFO: 91request [{"sign":"a46ae5de453bfaadc8548a3e48c151db","order_no":"ORD180408174408351964","api_amount":"0","api_deposit":"0","api_service":"0","content":"我们不想要"},"http://www.test.com/api/partner/order/cancel-abnormal",null] []
[2018-04-08 17:59:55] 91request.INFO: 91request [{"sign":"a46ae5de453bfaadc8548a3e48c151db","order_no":"ORD180408174408351964","api_amount":"0","api_deposit":"0","api_service":"0","content":"我们不想要"},"http://www.test.com/api/partner/order/abnormal",null] []
[2018-04-08 18:00:13] 91request.INFO: 91request [{"sign":"a46ae5de453bfaadc8548a3e48c151db","order_no":"ORD180408174408351964","api_amount":"0","api_deposit":"0","api_service":"0","content":"我们不想要"},"http://www.test.com/api/partner/order/cancel-abnormal",null] []
[2018-04-08 18:02:54] 91request.INFO: 91request [{"sign":"a46ae5de453bfaadc8548a3e48c151db","order_no":"ORD180408174408351964","api_amount":"0","api_deposit":"0","api_service":"0","content":"我们不想要"},"http://www.test.com/api/partner/order/revoke",null] []
[2018-04-08 18:04:04] 91request.INFO: 91request [{"sign":"a46ae5de453bfaadc8548a3e48c151db","order_no":"ORD180408174408351964","api_amount":"0","api_deposit":"0","api_service":"0","content":"我们不想要"},"http://www.test.com/api/partner/order/cancel-revoke",null] []
[2018-04-08 18:05:28] 91request.INFO: 91request [{"sign":"a46ae5de453bfaadc8548a3e48c151db","order_no":"ORD180408180448581948","api_amount":"0","api_deposit":"0","api_service":"0","content":"我们不想要"},"http://www.test.com/api/partner/order/receive",null] []
[2018-04-08 18:05:35] 91request.INFO: 91request [{"sign":"a46ae5de453bfaadc8548a3e48c151db","order_no":"ORD180408180448581948","api_amount":"0","api_deposit":"0","api_service":"0","content":"我们不想要"},"http://www.test.com/api/partner/order/revoke",null] []
[2018-04-08 18:06:12] 91request.INFO: 91request [{"sign":"a46ae5de453bfaadc8548a3e48c151db","order_no":"ORD180408180448581948","api_amount":"0","api_deposit":"0","api_service":"0","content":"我们不想要"},"http://www.test.com/api/partner/order/cancel-revoke",null] []
[2018-04-08 18:07:05] 91request.INFO: 91request [{"sign":"a46ae5de453bfaadc8548a3e48c151db","order_no":"ORD180408180448581948","api_amount":"0","api_deposit":"0","api_service":"0","content":"我们不想要"},"http://www.test.com/api/partner/order/revoke",null] []
[2018-04-08 18:07:22] 91request.INFO: 91request [{"sign":"a46ae5de453bfaadc8548a3e48c151db","order_no":"ORD180408180448581948","api_amount":"0","api_deposit":"0","api_service":"0","content":"我们不想要"},"http://www.test.com/api/partner/order/cancel-revoke",null] []
[2018-04-08 18:07:40] 91request.INFO: 91request [{"sign":"a46ae5de453bfaadc8548a3e48c151db","order_no":"ORD180408180448581948","api_amount":"0","api_deposit":"0","api_service":"0","content":"我们不想要"},"http://www.test.com/api/partner/order/revoke",null] []
[2018-04-08 18:08:04] 91request.INFO: 91request [{"sign":"a46ae5de453bfaadc8548a3e48c151db","order_no":"ORD180408180448581948","api_amount":"0","api_deposit":"0","api_service":"0","content":"我们不想要"},"http://www.test.com/api/partner/order/refuse-revoke",null] []
[2018-04-08 18:09:11] 91request.INFO: 91request [{"sign":"a46ae5de453bfaadc8548a3e48c151db","order_no":"ORD180408180448581948","api_amount":"10","api_deposit":"0","api_service":"0","content":"我们不想要"},"http://www.test.com/api/partner/order/revoke",null] []
[2018-04-08 18:09:16] 91request.INFO: 91request [{"sign":"a46ae5de453bfaadc8548a3e48c151db","order_no":"ORD180408180448581948","api_amount":"0","api_deposit":"0","api_service":"0","content":"我们不想要"},"http://www.test.com/api/partner/order/revoke",null] []
[2018-04-08 18:10:26] 91request.INFO: 91request [{"sign":"a46ae5de453bfaadc8548a3e48c151db","order_no":"ORD180408180448581948","api_amount":"10","api_deposit":"110","api_service":"0","content":"我们不想要"},"http://www.test.com/api/partner/order/agree-revoke",null] []
[2018-04-08 18:11:58] 91request.INFO: 91request [{"sign":"a46ae5de453bfaadc8548a3e48c151db","order_no":"ORD180408180448581948","api_amount":"5","api_deposit":"5","api_service":"0","content":"我们不想要"},"http://www.test.com/api/partner/order/agree-revoke",null] []
[2018-04-08 18:12:10] 91request.INFO: 91request [{"sign":"a46ae5de453bfaadc8548a3e48c151db","order_no":"ORD180408180448581948","api_amount":"5","api_deposit":"1","api_service":"0","content":"我们不想要"},"http://www.test.com/api/partner/order/agree-revoke",null] []
[2018-04-08 18:12:15] 91request.INFO: 91request [{"sign":"a46ae5de453bfaadc8548a3e48c151db","order_no":"ORD180408180448581948","api_amount":"5","api_deposit":"0","api_service":"0","content":"我们不想要"},"http://www.test.com/api/partner/order/agree-revoke",null] []
[2018-04-08 18:12:28] 91request.INFO: 91request [{"sign":"a46ae5de453bfaadc8548a3e48c151db","order_no":"ORD180408180448581948","api_amount":"5","api_deposit":"0","api_service":"0","content":"我们不想要"},"http://www.test.com/api/partner/order/cancel-revoke",null] []
[2018-04-08 18:12:34] 91request.INFO: 91request [{"sign":"a46ae5de453bfaadc8548a3e48c151db","order_no":"ORD180408180448581948","api_amount":"5","api_deposit":"0","api_service":"0","content":"我们不想要"},"http://www.test.com/api/partner/order/revoke",null] []
[2018-04-08 18:12:42] 91request.INFO: 91request [{"sign":"a46ae5de453bfaadc8548a3e48c151db","order_no":"ORD180408180448581948","api_amount":"5","api_deposit":"0","api_service":"0","content":"我们不想要"},"http://www.test.com/api/partner/order/cancel-revoke",null] []
[2018-04-08 18:14:13] 91request.INFO: 91request [{"sign":"a46ae5de453bfaadc8548a3e48c151db","order_no":"ORD180408180448581948","api_amount":"5","api_deposit":"55","api_service":"0","content":"我们不想要"},"http://www.test.com/api/partner/order/agree-revoke",null] []
[2018-04-08 18:18:25] 91request.INFO: 91request [{"sign":"a46ae5de453bfaadc8548a3e48c151db","order_no":"ORD180408180448581948","api_amount":"5","api_deposit":"55","api_service":"0","content":"我们不想要"},"http://www.test.com/api/partner/order/receive",null] []
[2018-04-08 18:20:23] 91request.INFO: 91request [{"sign":"a46ae5de453bfaadc8548a3e48c151db","order_no":"ORD180408180448581948","api_amount":"5","api_deposit":"55","api_service":"0","content":"我们不想要"},"http://www.test.com/api/partner/order/agree-revoke",null] []
[2018-04-08 18:20:33] 91request.INFO: 91request [{"sign":"a46ae5de453bfaadc8548a3e48c151db","order_no":"ORD180408180448581948","api_amount":"5","api_deposit":"4","api_service":"1","content":"我们不想要"},"http://www.test.com/api/partner/order/agree-revoke",null] []
[2018-04-08 18:22:09] 91request.INFO: 91request [{"sign":"a46ae5de453bfaadc8548a3e48c151db","order_no":"ORD180408180448581948","api_amount":"5","api_deposit":"4","api_service":"1","content":"我们不想要"},"http://www.test.com/api/partner/order/agree-revoke",null] []
[2018-04-08 18:22:31] 91request.INFO: 91request [{"sign":"a46ae5de453bfaadc8548a3e48c151db","order_no":"ORD180408180448581948","api_amount":"5","api_deposit":"4","api_service":"1","content":"我们不想要"},"http://www.test.com/api/partner/order/agree-revoke",null] []
[2018-04-08 18:23:28] 91request.INFO: 91request [{"sign":"a46ae5de453bfaadc8548a3e48c151db","order_no":"ORD180408180448581948","api_amount":"5","api_deposit":"1","api_service":"1","content":"我们不想要"},"http://www.test.com/api/partner/order/agree-revoke",null] []
[2018-04-08 18:28:48] 91request.INFO: 91request [{"sign":"a46ae5de453bfaadc8548a3e48c151db","order_no":"ORD180408180448581948","api_amount":"2","api_deposit":"2","api_service":"1","content":"我们不想要"},"http://www.test.com/api/partner/order/agree-revoke",null] []
[2018-04-08 18:36:23] 91request.INFO: 91request [{"sign":"a46ae5de453bfaadc8548a3e48c151db","order_no":"ORD180408183500133943","api_amount":"2","api_deposit":"2","api_service":"1","content":"我们不想要"},"http://www.test.com/api/partner/order/receive",null] []
[2018-04-08 18:36:53] 91request.INFO: 91request [{"sign":"a46ae5de453bfaadc8548a3e48c151db","order_no":"ORD180408183500133943","api_amount":"2","api_deposit":"2","api_service":"1","content":"我们不想要"},"http://www.test.com/api/partner/order/agree-revoke",null] []
[2018-04-08 18:38:47] 91request.INFO: 91request [{"sign":"a46ae5de453bfaadc8548a3e48c151db","order_no":"ORD180408183500133943","api_amount":"2","api_deposit":"2","api_service":"1","content":"我们不想要"},"http://www.test.com/api/partner/order/agree-revoke",null] []
[2018-04-08 18:41:51] 91request.INFO: 91request [{"sign":"a46ae5de453bfaadc8548a3e48c151db","order_no":"ORD180408183500133943","api_amount":"2","api_deposit":"2","api_service":"1","content":"我们不想要"},"http://www.test.com/api/partner/order/agree-revoke",null] []
[2018-04-08 18:42:00] 91request.INFO: 91request [{"sign":"a46ae5de453bfaadc8548a3e48c151db","order_no":"ORD180408183500133943","api_amount":"2","api_deposit":"0","api_service":"0","content":"我们不想要"},"http://www.test.com/api/partner/order/agree-revoke",null] []
